C51 COMPILER V9.00   TIME                                                                  10/07/2014 11:41:52 PAGE 1   


C51 COMPILER V9.00, COMPILATION OF MODULE TIME
OBJECT MODULE PLACED IN time.OBJ
COMPILER INVOKED BY: D:\mdk\C51\BIN\C51.EXE time.c BROWSE DEBUG OBJECTEXTEND TABS(2)

line level    source

   1          #include <reg52.h>
   2          
   3          sbit time=P1^0;
   4          
   5          unsigned int t=0;
   6          
   7          void time_init(void)
   8          {
   9   1        TMOD = 0x01;  //定时器0工作方式1
  10   1        TH0 = (65536-10000)/256;
  11   1        TL0 = (65536-10000)%256;
  12   1        EA = 1;
  13   1        ET0 = 1;
  14   1        TR0 = 1;
  15   1      }
  16          
  17          void main(void)
  18          {
  19   1        time_init();
  20   1        while(1);
  21   1      }
  22          
  23          void time0() interrupt 1
  24          {
  25   1        TH0 = (65536-10000)/256;
  26   1        TL0 = (65536-10000)%256;
  27   1        t++;
  28   1        time = 1;
  29   1        if(t == 100)
  30   1        {
  31   2          t = 0;
  32   2          time = 0;
  33   2        }
  34   1        
  35   1      }


MODULE INFORMATION:   STATIC OVERLAYABLE
   CODE SIZE        =     54    ----
   CONSTANT SIZE    =   ----    ----
   XDATA SIZE       =   ----    ----
   PDATA SIZE       =   ----    ----
   DATA SIZE        =      2    ----
   IDATA SIZE       =   ----    ----
   BIT SIZE         =   ----    ----
END OF MODULE INFORMATION.


C51 COMPILATION COMPLETE.  0 WARNING(S),  0 ERROR(S)
