C51 COMPILER V9.53.0.0   DIRECTION                                                         05/24/2015 10:41:28 PAGE 1   


C51 COMPILER V9.53.0.0, COMPILATION OF MODULE DIRECTION
OBJECT MODULE PLACED IN ..\Output\direction.obj
COMPILER INVOKED BY: D:\Keil_MDK\C51\BIN\C51.EXE ..\FWlib\direction.c OPTIMIZE(8,SPEED) BROWSE INCDIR(..\FWlib;..\User) 
                    -DEBUG OBJECTEXTEND PRINT(..\Listing\direction.lst) TABS(2) OBJECT(..\Output\direction.obj)

line level    source

   1          /*****************************************
   2           * 程序名：direction.c
   3           * 功能：控制小车的行驶方向
   4           * 
   5          ******************************************/
   6          #include "config.h"
   7          
   8          void Go(void)       //前进
   9          {
  10   1        Pwm(0x41);
  11   1        Z_IN1 = 0;
  12   1        Z_IN2 = 1;
  13   1        Y_IN1 = 1;
  14   1        Y_IN2 = 0;
  15   1      }
  16          
  17          void Break(void)      //后退
  18          {
  19   1        Pwm(0x25);
  20   1        Z_IN1 = 1;
  21   1        Z_IN2 = 0;
  22   1        Y_IN1 = 0;
  23   1        Y_IN2 = 1;
  24   1      }
  25          
  26          void Left(void)     //左转
  27          {
  28   1        Z_IN1 = 0;
  29   1        Z_IN2 = 0;
  30   1        Y_IN1 = 1;
  31   1        Y_IN2 = 0;
  32   1      }
  33          
  34          void Right(void)      //右转
  35          {
  36   1        Z_IN1 = 0;
  37   1        Z_IN2 = 1;
  38   1        Y_IN1 = 0;
  39   1        Y_IN2 = 0;
  40   1      }
  41          
  42          void Left_break(void)     //左轮后退
  43          {
  44   1        Z_IN1 = 1;
  45   1        Z_IN2 = 0;
  46   1        Y_IN1 = 0;
  47   1        Y_IN2 = 0;
  48   1      }
  49          
  50          void Right_break(void)      //右轮后退
  51          {
  52   1        Z_IN1 = 0;
  53   1        Z_IN2 = 0;
  54   1        Y_IN1 = 0;
C51 COMPILER V9.53.0.0   DIRECTION                                                         05/24/2015 10:41:28 PAGE 2   

  55   1        Y_IN2 = 1;
  56   1      }
  57          
  58          void Stop(void)     //停止
  59          {
  60   1        Z_IN1 = 0;
  61   1        Z_IN2 = 0;
  62   1        Y_IN1 = 0;
  63   1        Y_IN2 = 0;
  64   1      }
  65          


MODULE INFORMATION:   STATIC OVERLAYABLE
   CODE SIZE        =     77    ----
   CONSTANT SIZE    =   ----    ----
   XDATA SIZE       =   ----    ----
   PDATA SIZE       =   ----    ----
   DATA SIZE        =   ----    ----
   IDATA SIZE       =   ----    ----
   BIT SIZE         =   ----    ----
END OF MODULE INFORMATION.


C51 COMPILATION COMPLETE.  0 WARNING(S),  0 ERROR(S)
