C51 COMPILER V9.53.0.0   EXTI                                                              05/24/2015 10:41:28 PAGE 1   


C51 COMPILER V9.53.0.0, COMPILATION OF MODULE EXTI
OBJECT MODULE PLACED IN ..\Output\exti.obj
COMPILER INVOKED BY: D:\Keil_MDK\C51\BIN\C51.EXE ..\FWlib\exti.c OPTIMIZE(8,SPEED) BROWSE INCDIR(..\FWlib;..\User) DEBUG
                    - OBJECTEXTEND PRINT(..\Listing\exti.lst) TABS(2) OBJECT(..\Output\exti.obj)

line level    source

   1          #include "exti.h"
   2          
   3          unsigned int time_velue = 0;   // 外部中断0  时间/S
   4          unsigned char time_flag;
   5          
   6          void Exti_Init(void)
   7          {
   8   1        EA=1;   
   9   1        EX0=1;   
  10   1        IT0=1;//下降沿触发,P3.2
  11   1        EX1=1;
  12   1        IT1=1;//下降沿触发,P3.3
  13   1      }
  14          
  15          /********外部中断0 ******/
  16          void exti0() interrupt 0
  17          {
  18   1        time_velue++;
  19   1        time_flag = 0;
  20   1      }
  21          
  22          /********外部中断1**********/
  23          void exti1() interrupt 2
  24          {
  25   1      //     line_velue++;
  26   1      }


MODULE INFORMATION:   STATIC OVERLAYABLE
   CODE SIZE        =     28    ----
   CONSTANT SIZE    =   ----    ----
   XDATA SIZE       =   ----    ----
   PDATA SIZE       =   ----    ----
   DATA SIZE        =      3    ----
   IDATA SIZE       =   ----    ----
   BIT SIZE         =   ----    ----
END OF MODULE INFORMATION.


C51 COMPILATION COMPLETE.  0 WARNING(S),  0 ERROR(S)
