C51 COMPILER V9.53.0.0   MAIN                                                              05/24/2015 10:41:28 PAGE 1   


C51 COMPILER V9.53.0.0, COMPILATION OF MODULE MAIN
OBJECT MODULE PLACED IN ..\Output\main.obj
COMPILER INVOKED BY: D:\Keil_MDK\C51\BIN\C51.EXE ..\User\main.c OPTIMIZE(8,SPEED) BROWSE INCDIR(..\FWlib;..\User) DEBUG 
                    -OBJECTEXTEND PRINT(..\Listing\main.lst) TABS(2) OBJECT(..\Output\main.obj)

line level    source

   1          #include "config.h"  
   2          #include "uart.h"
   3          #include "exti.h"
   4          
   5          unsigned char a;  
   6          unsigned int Count_old,Count_new,n,s;
   7          
   8          void display_12864(uint time ,uint line);   //12864液晶显示时间和路程
   9          //void delay_car(unsigned int z);
  10          
  11          void main(void)
  12          {
  13   1        LCD12864_Init();        //12864液晶初始化
  14   1        Pwm_Init();             //PWM初始化
  15   1        Exti_Init();            //外部中断初始化
  16   1        Count_Init();
  17   1        while(1)
  18   1        {
  19   2          switch(a)
  20   2          {
  21   3            case 0 :
  22   3              Count_Clear();
  23   3              a++;
  24   3            break;
  25   3            
  26   3            case 1 :
  27   3              if((Right_L == 0) && (Right_R == 0) 
  28   3               && (Left_L == 0) && (Left_R == 0)) 
  29   3              {
  30   4                a = 2;
  31   4              }
  32   3              if((Right_L == 1) || (Right_R == 1))
  33   3              {
  34   4                a = 5;
  35   4                Count_old = Count1;
  36   4              }
  37   3              if((Left_L == 1) || (Left_R == 1))
  38   3              {
  39   4                a = 6;
  40   4                Count_old = Count0;
  41   4              }
  42   3              if(((Right_L == 1) || (Right_R == 1)) 
  43   3               && ((Left_L == 1) || (Left_R == 1))) 
  44   3              {
  45   4                Stop();
  46   4                time_flag = 1;
  47   4                while(1);
  48   4              }
  49   3            break;
  50   3              
  51   3            case 2 :
  52   3              if((BAR_LL == 1) && (BAR_LR == 1) 
  53   3                 && (BAR_RL == 1) && (BAR_RR == 1))     
  54   3              {
C51 COMPILER V9.53.0.0   MAIN                                                              05/24/2015 10:41:28 PAGE 2   

  55   4                Count_direction(0,0);
  56   4                a = 1;     
  57   4              }         
  58   3              if((BAR_LR == 0) || (BAR_RR == 0))        
  59   3              {
  60   4                a = 3;       
  61   4              }
  62   3              if((BAR_RL == 0) || (BAR_LL == 0))            
  63   3              {
  64   4                a = 4;      
  65   4              }         
  66   3            break;
  67   3              
  68   3            case 3 :            
  69   3            Count_direction(80,0);
  70   3              a = 0;      
  71   3            break;
  72   3            
  73   3            case 4 :
  74   3             Count_direction(0,80); 
  75   3              a = 0;
  76   3            break;
  77   3            
  78   3            case 5 :             
  79   3              Left_break();   
  80   3              Count_new = Count0();   
  81   3              n = Count_new - Count_old;
  82   3              if(n > 10)
  83   3              {
  84   4                if((BAR_RR == 1) && (BAR_RL == 1) 
  85   4                  && (BAR_LR == 1) && (BAR_LL == 1))
  86   4                {
  87   5                  a = 0;
  88   5                }
  89   4              }   
  90   3            break;
  91   3              
  92   3            case 6 :
  93   3              Right_break();   
  94   3              Count_new = Count1();    
  95   3              n = Count_new - Count_old;
  96   3              if(n > 10)
  97   3              {
  98   4                if((BAR_RR == 1) && (BAR_RL == 1) 
  99   4                    && (BAR_LR == 1) && (BAR_LL == 1))
 100   4                {
 101   5                  a = 0;
 102   5                }
 103   4              }
 104   3            break;
 105   3              
 106   3            default:
 107   3            break;  
 108   3          }
 109   2          if(time_flag == 0)
 110   2          {
 111   3            s = Count0();
 112   3            s=s*15;
 113   3            s=s/12;
 114   3            display_12864(time_velue, s);  //隔1秒刷屏一次
 115   3            time_flag = 1;
 116   3          }
C51 COMPILER V9.53.0.0   MAIN                                                              05/24/2015 10:41:28 PAGE 3   

 117   2        }
 118   1      }
 119          
 120          
 121          /***************12864显示函数******************/
 122          void display_12864(uint time ,uint line)
 123          {
 124   1          print(0x80,2,"智能小车");
 125   1        
 126   1          print(0x90,0,"时间：");
 127   1          print(0x90,3," ");         //   第二行显示
 128   1          LCD12864_WriteData(time/100+0x30);
 129   1          LCD12864_WriteData(time/10%10+0x30);
 130   1          LCD12864_WriteData(time%10+0x30);
 131   1          print(0x90,5,"s");
 132   1        
 133   1          print(0x88,0,"速度：");
 134   1          print(0x88,3," ");         //   第三行显示
 135   1          LCD12864_WriteData(line/time/10+0x30);
 136   1          LCD12864_WriteData(line/time%10+0x30);
 137   1          print(0x88,5,"cm/s");
 138   1          
 139   1          print(0x98,0,"路程：");
 140   1          print(0x98,3," ");          //  第四行显示
 141   1          LCD12864_WriteData(line/1000+0x30);
 142   1          LCD12864_WriteData(line/100%10+0x30);
 143   1          LCD12864_WriteData(line/10%10+0x30);
 144   1          LCD12864_WriteData(line%10+0x30);
 145   1          print(0x98,6,"cm");
 146   1      }


MODULE INFORMATION:   STATIC OVERLAYABLE
   CODE SIZE        =    668    ----
   CONSTANT SIZE    =     42    ----
   XDATA SIZE       =   ----    ----
   PDATA SIZE       =   ----    ----
   DATA SIZE        =      9       4
   IDATA SIZE       =   ----    ----
   BIT SIZE         =   ----    ----
END OF MODULE INFORMATION.


C51 COMPILATION COMPLETE.  0 WARNING(S),  0 ERROR(S)
