C51 COMPILER V9.53.0.0   PWM                                                               05/24/2015 10:41:28 PAGE 1   


C51 COMPILER V9.53.0.0, COMPILATION OF MODULE PWM
OBJECT MODULE PLACED IN ..\Output\pwm.obj
COMPILER INVOKED BY: D:\Keil_MDK\C51\BIN\C51.EXE ..\FWlib\pwm.c OPTIMIZE(8,SPEED) BROWSE INCDIR(..\FWlib;..\User) DEBUG 
                    -OBJECTEXTEND PRINT(..\Listing\pwm.lst) TABS(2) OBJECT(..\Output\pwm.obj)

line level    source

   1          #include "config.h"
   2            
   3          void Pwm_Init(void)
   4          {
   5   1        CCON = 0;
   6   1        CMOD = 0x02;
   7   1        CL = 0x00;
   8   1        CH = 0x00;
   9   1        CCAPM0 = 0x42;
  10   1        CCAP0L = 0x50;  //pwm0,p1.3
  11   1        CCAP0H = 0x50;  //越大低电平时间越久
  12   1        CCAPM1 = 0x42;
  13   1        CCAP1L = 0x50;
  14   1        CCAP1H = 0x50;  //pwm1,P1.4
  15   1        CR = 1; 
  16   1      }
  17          
  18          void Pwm(uint x)
  19          {
  20   1        CCAP1L = x;
  21   1        CCAP1H = x;  //pwm1,P1.4
  22   1        CCAP0L = x;  //pwm0,p1.3
  23   1        CCAP0H = x;  //越大低电平时间越久
  24   1      }


MODULE INFORMATION:   STATIC OVERLAYABLE
   CODE SIZE        =     40    ----
   CONSTANT SIZE    =   ----    ----
   XDATA SIZE       =   ----    ----
   PDATA SIZE       =   ----    ----
   DATA SIZE        =   ----    ----
   IDATA SIZE       =   ----    ----
   BIT SIZE         =   ----    ----
END OF MODULE INFORMATION.


C51 COMPILATION COMPLETE.  0 WARNING(S),  0 ERROR(S)
