C51 COMPILER V9.53.0.0   UART                                                              05/24/2015 10:41:28 PAGE 1   


C51 COMPILER V9.53.0.0, COMPILATION OF MODULE UART
OBJECT MODULE PLACED IN ..\Output\uart.obj
COMPILER INVOKED BY: D:\Keil_MDK\C51\BIN\C51.EXE ..\FWlib\uart.c OPTIMIZE(8,SPEED) BROWSE INCDIR(..\FWlib;..\User) DEBUG
                    - OBJECTEXTEND PRINT(..\Listing\uart.lst) TABS(2) OBJECT(..\Output\uart.obj)

line level    source

   1          #include <reg52.h>
   2          #include "uart.h"
   3          
   4          void uart_init(void)
   5          {
   6   1        SCON = 0x50;      //REN=1允许串行接受状态，串口工作模式1                 
   7   1        TMOD|= 0x20;      //定时器工作方式2                    
   8   1        PCON|= 0x80;                                                          
   9   1        //TH1  = 0xFD;     //baud*2  /* reload value 19200、数据位8、停止位1。效验位无 (11.0592) 
  10   1        TH1 = 0xF3;   // //baud*2  /*  波特率4800、数据位8、停止位1。效验位无 (12M)
  11   1        TL1 = 0xF3;         
  12   1        TR1  = 1;                                                             
  13   1        ES   = 1;        //开串口中断                  
  14   1        EA   = 1;        // 开总中断 
  15   1        //IE = 0x0;
  16   1        //P2 = 0x00;
  17   1      }
  18          


MODULE INFORMATION:   STATIC OVERLAYABLE
   CODE SIZE        =     22    ----
   CONSTANT SIZE    =   ----    ----
   XDATA SIZE       =   ----    ----
   PDATA SIZE       =   ----    ----
   DATA SIZE        =   ----    ----
   IDATA SIZE       =   ----    ----
   BIT SIZE         =   ----    ----
END OF MODULE INFORMATION.


C51 COMPILATION COMPLETE.  0 WARNING(S),  0 ERROR(S)
